<?xml version="1.0" encoding="UTF-8"?>
<testsuite xmlns:xsi="http://www.w3.org/2001/XMLSchema-instance" xsi:noNamespaceSchemaLocation="https://maven.apache.org/surefire/maven-surefire-plugin/xsd/surefire-test-report-3.0.xsd" version="3.0" name="com.example.lambda.AppTest" time="0.042" tests="1" errors="0" skipped="0" failures="0">
  <properties>
    <property name="java.specification.version" value="23"/>
    <property name="sun.jnu.encoding" value="UTF-8"/>
    <property name="java.class.path" value="/Users/makoye/Desktop/cwru-courses-backend/aws/lambda/target/test-classes:/Users/makoye/Desktop/cwru-courses-backend/aws/lambda/target/classes:/Users/makoye/.m2/repository/software/amazon/awssdk/dynamodb/2.27.21/dynamodb-2.27.21.jar:/Users/makoye/.m2/repository/software/amazon/awssdk/aws-json-protocol/2.27.21/aws-json-protocol-2.27.21.jar:/Users/makoye/.m2/repository/software/amazon/awssdk/third-party-jackson-core/2.27.21/third-party-jackson-core-2.27.21.jar:/Users/makoye/.m2/repository/software/amazon/awssdk/protocol-core/2.27.21/protocol-core-2.27.21.jar:/Users/makoye/.m2/repository/software/amazon/awssdk/profiles/2.27.21/profiles-2.27.21.jar:/Users/makoye/.m2/repository/software/amazon/awssdk/retries-spi/2.27.21/retries-spi-2.27.21.jar:/Users/makoye/.m2/repository/software/amazon/awssdk/http-auth-aws/2.27.21/http-auth-aws-2.27.21.jar:/Users/makoye/.m2/repository/software/amazon/awssdk/checksums-spi/2.27.21/checksums-spi-2.27.21.jar:/Users/makoye/.m2/repository/software/amazon/awssdk/checksums/2.27.21/checksums-2.27.21.jar:/Users/makoye/.m2/repository/software/amazon/awssdk/sdk-core/2.27.21/sdk-core-2.27.21.jar:/Users/makoye/.m2/repository/org/reactivestreams/reactive-streams/1.0.4/reactive-streams-1.0.4.jar:/Users/makoye/.m2/repository/software/amazon/awssdk/auth/2.27.21/auth-2.27.21.jar:/Users/makoye/.m2/repository/software/amazon/awssdk/http-auth-aws-eventstream/2.27.21/http-auth-aws-eventstream-2.27.21.jar:/Users/makoye/.m2/repository/software/amazon/awssdk/http-auth-spi/2.27.21/http-auth-spi-2.27.21.jar:/Users/makoye/.m2/repository/software/amazon/awssdk/http-auth/2.27.21/http-auth-2.27.21.jar:/Users/makoye/.m2/repository/software/amazon/awssdk/identity-spi/2.27.21/identity-spi-2.27.21.jar:/Users/makoye/.m2/repository/software/amazon/awssdk/http-client-spi/2.27.21/http-client-spi-2.27.21.jar:/Users/makoye/.m2/repository/software/amazon/awssdk/regions/2.27.21/regions-2.27.21.jar:/Users/makoye/.m2/repository/software/amazon/awssdk/annotations/2.27.21/annotations-2.27.21.jar:/Users/makoye/.m2/repository/software/amazon/awssdk/utils/2.27.21/utils-2.27.21.jar:/Users/makoye/.m2/repository/software/amazon/awssdk/metrics-spi/2.27.21/metrics-spi-2.27.21.jar:/Users/makoye/.m2/repository/software/amazon/awssdk/json-utils/2.27.21/json-utils-2.27.21.jar:/Users/makoye/.m2/repository/software/amazon/awssdk/endpoints-spi/2.27.21/endpoints-spi-2.27.21.jar:/Users/makoye/.m2/repository/software/amazon/awssdk/apache-client/2.27.21/apache-client-2.27.21.jar:/Users/makoye/.m2/repository/org/apache/httpcomponents/httpclient/4.5.13/httpclient-4.5.13.jar:/Users/makoye/.m2/repository/commons-logging/commons-logging/1.2/commons-logging-1.2.jar:/Users/makoye/.m2/repository/org/apache/httpcomponents/httpcore/4.4.16/httpcore-4.4.16.jar:/Users/makoye/.m2/repository/commons-codec/commons-codec/1.17.1/commons-codec-1.17.1.jar:/Users/makoye/.m2/repository/software/amazon/awssdk/netty-nio-client/2.27.21/netty-nio-client-2.27.21.jar:/Users/makoye/.m2/repository/io/netty/netty-codec-http/4.1.112.Final/netty-codec-http-4.1.112.Final.jar:/Users/makoye/.m2/repository/io/netty/netty-codec-http2/4.1.112.Final/netty-codec-http2-4.1.112.Final.jar:/Users/makoye/.m2/repository/io/netty/netty-codec/4.1.112.Final/netty-codec-4.1.112.Final.jar:/Users/makoye/.m2/repository/io/netty/netty-transport/4.1.112.Final/netty-transport-4.1.112.Final.jar:/Users/makoye/.m2/repository/io/netty/netty-common/4.1.112.Final/netty-common-4.1.112.Final.jar:/Users/makoye/.m2/repository/io/netty/netty-buffer/4.1.112.Final/netty-buffer-4.1.112.Final.jar:/Users/makoye/.m2/repository/io/netty/netty-handler/4.1.112.Final/netty-handler-4.1.112.Final.jar:/Users/makoye/.m2/repository/io/netty/netty-transport-native-unix-common/4.1.112.Final/netty-transport-native-unix-common-4.1.112.Final.jar:/Users/makoye/.m2/repository/io/netty/netty-transport-classes-epoll/4.1.112.Final/netty-transport-classes-epoll-4.1.112.Final.jar:/Users/makoye/.m2/repository/io/netty/netty-resolver/4.1.112.Final/netty-resolver-4.1.112.Final.jar:/Users/makoye/.m2/repository/software/amazon/awssdk/dynamodb-enhanced/2.27.21/dynamodb-enhanced-2.27.21.jar:/Users/makoye/.m2/repository/software/amazon/awssdk/aws-core/2.27.21/aws-core-2.27.21.jar:/Users/makoye/.m2/repository/software/amazon/awssdk/retries/2.27.21/retries-2.27.21.jar:/Users/makoye/.m2/repository/software/amazon/eventstream/eventstream/1.0.1/eventstream-1.0.1.jar:/Users/makoye/.m2/repository/com/amazonaws/aws-lambda-java-core/1.2.1/aws-lambda-java-core-1.2.1.jar:/Users/makoye/.m2/repository/com/amazonaws/aws-lambda-java-events/3.14.0/aws-lambda-java-events-3.14.0.jar:/Users/makoye/.m2/repository/joda-time/joda-time/2.10.8/joda-time-2.10.8.jar:/Users/makoye/.m2/repository/org/slf4j/slf4j-api/1.7.32/slf4j-api-1.7.32.jar:/Users/makoye/.m2/repository/ch/qos/logback/logback-classic/1.2.11/logback-classic-1.2.11.jar:/Users/makoye/.m2/repository/ch/qos/logback/logback-core/1.2.11/logback-core-1.2.11.jar:/Users/makoye/.m2/repository/com/google/code/gson/gson/2.8.9/gson-2.8.9.jar:/Users/makoye/.m2/repository/junit/junit/4.13.2/junit-4.13.2.jar:/Users/makoye/.m2/repository/org/hamcrest/hamcrest-core/1.3/hamcrest-core-1.3.jar:/Users/makoye/.m2/repository/org/apache/commons/commons-text/1.9/commons-text-1.9.jar:/Users/makoye/.m2/repository/org/apache/commons/commons-lang3/3.11/commons-lang3-3.11.jar:"/>
    <property name="java.vm.vendor" value="Homebrew"/>
    <property name="sun.arch.data.model" value="64"/>
    <property name="java.vendor.url" value="https://github.com/Homebrew/homebrew-core/issues"/>
    <property name="os.name" value="Mac OS X"/>
    <property name="java.vm.specification.version" value="23"/>
    <property name="sun.java.launcher" value="SUN_STANDARD"/>
    <property name="user.country" value="US"/>
    <property name="sun.boot.library.path" value="/opt/homebrew/Cellar/openjdk/23/libexec/openjdk.jdk/Contents/Home/lib"/>
    <property name="sun.java.command" value="/Users/makoye/Desktop/cwru-courses-backend/aws/lambda/target/surefire/surefirebooter-20241009101020284_3.jar /Users/makoye/Desktop/cwru-courses-backend/aws/lambda/target/surefire 2024-10-09T10-10-20_237-jvmRun1 surefire-20241009101020284_1tmp surefire_0-20241009101020284_2tmp"/>
    <property name="http.nonProxyHosts" value="local|*.local|169.254/16|*.169.254/16"/>
    <property name="jdk.debug" value="release"/>
    <property name="surefire.test.class.path" value="/Users/makoye/Desktop/cwru-courses-backend/aws/lambda/target/test-classes:/Users/makoye/Desktop/cwru-courses-backend/aws/lambda/target/classes:/Users/makoye/.m2/repository/software/amazon/awssdk/dynamodb/2.27.21/dynamodb-2.27.21.jar:/Users/makoye/.m2/repository/software/amazon/awssdk/aws-json-protocol/2.27.21/aws-json-protocol-2.27.21.jar:/Users/makoye/.m2/repository/software/amazon/awssdk/third-party-jackson-core/2.27.21/third-party-jackson-core-2.27.21.jar:/Users/makoye/.m2/repository/software/amazon/awssdk/protocol-core/2.27.21/protocol-core-2.27.21.jar:/Users/makoye/.m2/repository/software/amazon/awssdk/profiles/2.27.21/profiles-2.27.21.jar:/Users/makoye/.m2/repository/software/amazon/awssdk/retries-spi/2.27.21/retries-spi-2.27.21.jar:/Users/makoye/.m2/repository/software/amazon/awssdk/http-auth-aws/2.27.21/http-auth-aws-2.27.21.jar:/Users/makoye/.m2/repository/software/amazon/awssdk/checksums-spi/2.27.21/checksums-spi-2.27.21.jar:/Users/makoye/.m2/repository/software/amazon/awssdk/checksums/2.27.21/checksums-2.27.21.jar:/Users/makoye/.m2/repository/software/amazon/awssdk/sdk-core/2.27.21/sdk-core-2.27.21.jar:/Users/makoye/.m2/repository/org/reactivestreams/reactive-streams/1.0.4/reactive-streams-1.0.4.jar:/Users/makoye/.m2/repository/software/amazon/awssdk/auth/2.27.21/auth-2.27.21.jar:/Users/makoye/.m2/repository/software/amazon/awssdk/http-auth-aws-eventstream/2.27.21/http-auth-aws-eventstream-2.27.21.jar:/Users/makoye/.m2/repository/software/amazon/awssdk/http-auth-spi/2.27.21/http-auth-spi-2.27.21.jar:/Users/makoye/.m2/repository/software/amazon/awssdk/http-auth/2.27.21/http-auth-2.27.21.jar:/Users/makoye/.m2/repository/software/amazon/awssdk/identity-spi/2.27.21/identity-spi-2.27.21.jar:/Users/makoye/.m2/repository/software/amazon/awssdk/http-client-spi/2.27.21/http-client-spi-2.27.21.jar:/Users/makoye/.m2/repository/software/amazon/awssdk/regions/2.27.21/regions-2.27.21.jar:/Users/makoye/.m2/repository/software/amazon/awssdk/annotations/2.27.21/annotations-2.27.21.jar:/Users/makoye/.m2/repository/software/amazon/awssdk/utils/2.27.21/utils-2.27.21.jar:/Users/makoye/.m2/repository/software/amazon/awssdk/metrics-spi/2.27.21/metrics-spi-2.27.21.jar:/Users/makoye/.m2/repository/software/amazon/awssdk/json-utils/2.27.21/json-utils-2.27.21.jar:/Users/makoye/.m2/repository/software/amazon/awssdk/endpoints-spi/2.27.21/endpoints-spi-2.27.21.jar:/Users/makoye/.m2/repository/software/amazon/awssdk/apache-client/2.27.21/apache-client-2.27.21.jar:/Users/makoye/.m2/repository/org/apache/httpcomponents/httpclient/4.5.13/httpclient-4.5.13.jar:/Users/makoye/.m2/repository/commons-logging/commons-logging/1.2/commons-logging-1.2.jar:/Users/makoye/.m2/repository/org/apache/httpcomponents/httpcore/4.4.16/httpcore-4.4.16.jar:/Users/makoye/.m2/repository/commons-codec/commons-codec/1.17.1/commons-codec-1.17.1.jar:/Users/makoye/.m2/repository/software/amazon/awssdk/netty-nio-client/2.27.21/netty-nio-client-2.27.21.jar:/Users/makoye/.m2/repository/io/netty/netty-codec-http/4.1.112.Final/netty-codec-http-4.1.112.Final.jar:/Users/makoye/.m2/repository/io/netty/netty-codec-http2/4.1.112.Final/netty-codec-http2-4.1.112.Final.jar:/Users/makoye/.m2/repository/io/netty/netty-codec/4.1.112.Final/netty-codec-4.1.112.Final.jar:/Users/makoye/.m2/repository/io/netty/netty-transport/4.1.112.Final/netty-transport-4.1.112.Final.jar:/Users/makoye/.m2/repository/io/netty/netty-common/4.1.112.Final/netty-common-4.1.112.Final.jar:/Users/makoye/.m2/repository/io/netty/netty-buffer/4.1.112.Final/netty-buffer-4.1.112.Final.jar:/Users/makoye/.m2/repository/io/netty/netty-handler/4.1.112.Final/netty-handler-4.1.112.Final.jar:/Users/makoye/.m2/repository/io/netty/netty-transport-native-unix-common/4.1.112.Final/netty-transport-native-unix-common-4.1.112.Final.jar:/Users/makoye/.m2/repository/io/netty/netty-transport-classes-epoll/4.1.112.Final/netty-transport-classes-epoll-4.1.112.Final.jar:/Users/makoye/.m2/repository/io/netty/netty-resolver/4.1.112.Final/netty-resolver-4.1.112.Final.jar:/Users/makoye/.m2/repository/software/amazon/awssdk/dynamodb-enhanced/2.27.21/dynamodb-enhanced-2.27.21.jar:/Users/makoye/.m2/repository/software/amazon/awssdk/aws-core/2.27.21/aws-core-2.27.21.jar:/Users/makoye/.m2/repository/software/amazon/awssdk/retries/2.27.21/retries-2.27.21.jar:/Users/makoye/.m2/repository/software/amazon/eventstream/eventstream/1.0.1/eventstream-1.0.1.jar:/Users/makoye/.m2/repository/com/amazonaws/aws-lambda-java-core/1.2.1/aws-lambda-java-core-1.2.1.jar:/Users/makoye/.m2/repository/com/amazonaws/aws-lambda-java-events/3.14.0/aws-lambda-java-events-3.14.0.jar:/Users/makoye/.m2/repository/joda-time/joda-time/2.10.8/joda-time-2.10.8.jar:/Users/makoye/.m2/repository/org/slf4j/slf4j-api/1.7.32/slf4j-api-1.7.32.jar:/Users/makoye/.m2/repository/ch/qos/logback/logback-classic/1.2.11/logback-classic-1.2.11.jar:/Users/makoye/.m2/repository/ch/qos/logback/logback-core/1.2.11/logback-core-1.2.11.jar:/Users/makoye/.m2/repository/com/google/code/gson/gson/2.8.9/gson-2.8.9.jar:/Users/makoye/.m2/repository/junit/junit/4.13.2/junit-4.13.2.jar:/Users/makoye/.m2/repository/org/hamcrest/hamcrest-core/1.3/hamcrest-core-1.3.jar:/Users/makoye/.m2/repository/org/apache/commons/commons-text/1.9/commons-text-1.9.jar:/Users/makoye/.m2/repository/org/apache/commons/commons-lang3/3.11/commons-lang3-3.11.jar:"/>
    <property name="sun.cpu.endian" value="little"/>
    <property name="user.home" value="/Users/makoye"/>
    <property name="user.language" value="en"/>
    <property name="java.specification.vendor" value="Oracle Corporation"/>
    <property name="java.version.date" value="2024-09-17"/>
    <property name="java.home" value="/opt/homebrew/Cellar/openjdk/23/libexec/openjdk.jdk/Contents/Home"/>
    <property name="file.separator" value="/"/>
    <property name="basedir" value="/Users/makoye/Desktop/cwru-courses-backend/aws/lambda"/>
    <property name="java.vm.compressedOopsMode" value="Zero based"/>
    <property name="line.separator" value="&#10;"/>
    <property name="java.vm.specification.vendor" value="Oracle Corporation"/>
    <property name="java.specification.name" value="Java Platform API Specification"/>
    <property name="apple.awt.application.name" value="ForkedBooter"/>
    <property name="surefire.real.class.path" value="/Users/makoye/Desktop/cwru-courses-backend/aws/lambda/target/surefire/surefirebooter-20241009101020284_3.jar"/>
    <property name="sun.management.compiler" value="HotSpot 64-Bit Tiered Compilers"/>
    <property name="ftp.nonProxyHosts" value="local|*.local|169.254/16|*.169.254/16"/>
    <property name="java.runtime.version" value="23"/>
    <property name="user.name" value="makoye"/>
    <property name="stdout.encoding" value="UTF-8"/>
    <property name="path.separator" value=":"/>
    <property name="os.version" value="14.1.1"/>
    <property name="java.runtime.name" value="OpenJDK Runtime Environment"/>
    <property name="file.encoding" value="UTF-8"/>
    <property name="java.vm.name" value="OpenJDK 64-Bit Server VM"/>
    <property name="java.vendor.version" value="Homebrew"/>
    <property name="localRepository" value="/Users/makoye/.m2/repository"/>
    <property name="java.vendor.url.bug" value="https://github.com/Homebrew/homebrew-core/issues"/>
    <property name="java.io.tmpdir" value="/var/folders/rn/9dfksnld7x7b9qf1w9kwktr00000gn/T/"/>
    <property name="java.version" value="23"/>
    <property name="user.dir" value="/Users/makoye/Desktop/cwru-courses-backend/aws/lambda"/>
    <property name="os.arch" value="aarch64"/>
    <property name="java.vm.specification.name" value="Java Virtual Machine Specification"/>
    <property name="native.encoding" value="UTF-8"/>
    <property name="java.library.path" value="/Users/makoye/Library/Java/Extensions:/Library/Java/Extensions:/Network/Library/Java/Extensions:/System/Library/Java/Extensions:/usr/lib/java:."/>
    <property name="java.vm.info" value="mixed mode, sharing"/>
    <property name="stderr.encoding" value="UTF-8"/>
    <property name="java.vendor" value="Homebrew"/>
    <property name="java.vm.version" value="23"/>
    <property name="sun.io.unicode.encoding" value="UnicodeBig"/>
    <property name="socksNonProxyHosts" value="local|*.local|169.254/16|*.169.254/16"/>
    <property name="java.class.version" value="67.0"/>
  </properties>
  <testcase name="testApp" classname="com.example.lambda.AppTest" time="0.002"/>
</testsuite>